[2020-02-20 09:42:30.810] [restartedMain] [INFO ] com.centerm.fud_demo.FudDemoApplication - Starting FudDemoApplication on sheva-laptop with PID 25758 (/home/sheva/IdeaProjects/fuddemo/target/classes started by sheva in /home/sheva/IdeaProjects/fuddemo)
[2020-02-20 09:42:30.892] [restartedMain] [INFO ] com.centerm.fud_demo.FudDemoApplication - No active profile set, falling back to default profiles: default
[2020-02-20 09:42:31.011] [restartedMain] [INFO ] o.s.b.d.env.DevToolsPropertyDefaultsPostProcessor - Devtools property defaults active! Set 'spring.devtools.add-properties' to 'false' to disable
[2020-02-20 09:42:31.012] [restartedMain] [INFO ] o.s.b.d.env.DevToolsPropertyDefaultsPostProcessor - For additional web related logging consider setting the 'logging.level.web' property to 'DEBUG'
[2020-02-20 09:42:32.311] [restartedMain] [INFO ] o.s.c.s.PostProcessorRegistrationDelegate$BeanPostProcessorChecker - Bean 'shiroConfig' of type [com.centerm.fud_demo.shiro.conf.ShiroConfig$$EnhancerBySpringCGLIB$$78afdbfd] is not eligible for getting processed by all BeanPostProcessors (for example: not eligible for auto-proxying)
[2020-02-20 09:42:32.432] [restartedMain] [INFO ] o.s.c.s.PostProcessorRegistrationDelegate$BeanPostProcessorChecker - Bean 'hashedCredentialsMatcher' of type [org.apache.shiro.authc.credential.HashedCredentialsMatcher] is not eligible for getting processed by all BeanPostProcessors (for example: not eligible for auto-proxying)
[2020-02-20 09:42:32.468] [restartedMain] [INFO ] o.s.c.s.PostProcessorRegistrationDelegate$BeanPostProcessorChecker - Bean 'dataSourceConfig' of type [com.centerm.fud_demo.config.DataSourceConfig$$EnhancerBySpringCGLIB$$55c4972e] is not eligible for getting processed by all BeanPostProcessors (for example: not eligible for auto-proxying)
[2020-02-20 09:42:32.517] [restartedMain] [INFO ] o.s.c.s.PostProcessorRegistrationDelegate$BeanPostProcessorChecker - Bean 'dataSource' of type [com.alibaba.druid.pool.DruidDataSource] is not eligible for getting processed by all BeanPostProcessors (for example: not eligible for auto-proxying)
[2020-02-20 09:42:32.765] [restartedMain] [INFO ] o.s.c.s.PostProcessorRegistrationDelegate$BeanPostProcessorChecker - Bean 'sqlSessionFactory' of type [org.apache.ibatis.session.defaults.DefaultSqlSessionFactory] is not eligible for getting processed by all BeanPostProcessors (for example: not eligible for auto-proxying)
[2020-02-20 09:42:32.770] [restartedMain] [INFO ] o.s.c.s.PostProcessorRegistrationDelegate$BeanPostProcessorChecker - Bean 'userDao' of type [org.mybatis.spring.mapper.MapperFactoryBean] is not eligible for getting processed by all BeanPostProcessors (for example: not eligible for auto-proxying)
[2020-02-20 09:42:32.772] [restartedMain] [INFO ] o.s.c.s.PostProcessorRegistrationDelegate$BeanPostProcessorChecker - Bean 'userDao' of type [com.sun.proxy.$Proxy65] is not eligible for getting processed by all BeanPostProcessors (for example: not eligible for auto-proxying)
[2020-02-20 09:42:32.773] [restartedMain] [INFO ] o.s.c.s.PostProcessorRegistrationDelegate$BeanPostProcessorChecker - Bean 'userServiceImpl' of type [com.centerm.fud_demo.service.Impl.UserServiceImpl] is not eligible for getting processed by all BeanPostProcessors (for example: not eligible for auto-proxying)
[2020-02-20 09:42:32.774] [restartedMain] [INFO ] o.s.c.s.PostProcessorRegistrationDelegate$BeanPostProcessorChecker - Bean 'shiroRealm' of type [com.centerm.fud_demo.shiro.UserRealm] is not eligible for getting processed by all BeanPostProcessors (for example: not eligible for auto-proxying)
[2020-02-20 09:42:32.965] [restartedMain] [INFO ] o.s.c.s.PostProcessorRegistrationDelegate$BeanPostProcessorChecker - Bean 'ehCacheManager' of type [org.apache.shiro.cache.ehcache.EhCacheManager] is not eligible for getting processed by all BeanPostProcessors (for example: not eligible for auto-proxying)
[2020-02-20 09:42:32.966] [restartedMain] [INFO ] org.apache.shiro.cache.ehcache.EhCacheManager - Using existing EHCache named [authenticationCache]
[2020-02-20 09:42:32.967] [restartedMain] [INFO ] org.apache.shiro.cache.ehcache.EhCacheManager - Using existing EHCache named [authorizationCache]
[2020-02-20 09:42:32.972] [restartedMain] [INFO ] o.s.c.s.PostProcessorRegistrationDelegate$BeanPostProcessorChecker - Bean 'sessionListener' of type [com.centerm.fud_demo.listener.Listener] is not eligible for getting processed by all BeanPostProcessors (for example: not eligible for auto-proxying)
[2020-02-20 09:42:32.977] [restartedMain] [INFO ] o.s.c.s.PostProcessorRegistrationDelegate$BeanPostProcessorChecker - Bean 'sessionIdCookie' of type [org.apache.shiro.web.servlet.SimpleCookie] is not eligible for getting processed by all BeanPostProcessors (for example: not eligible for auto-proxying)
[2020-02-20 09:42:32.982] [restartedMain] [INFO ] o.s.c.s.PostProcessorRegistrationDelegate$BeanPostProcessorChecker - Bean 'sessionIdGenerator' of type [org.apache.shiro.session.mgt.eis.JavaUuidSessionIdGenerator] is not eligible for getting processed by all BeanPostProcessors (for example: not eligible for auto-proxying)
[2020-02-20 09:42:32.984] [restartedMain] [INFO ] o.s.c.s.PostProcessorRegistrationDelegate$BeanPostProcessorChecker - Bean 'sessionDAO' of type [org.apache.shiro.session.mgt.eis.EnterpriseCacheSessionDAO] is not eligible for getting processed by all BeanPostProcessors (for example: not eligible for auto-proxying)
[2020-02-20 09:42:32.987] [restartedMain] [INFO ] o.s.c.s.PostProcessorRegistrationDelegate$BeanPostProcessorChecker - Bean 'sessionManager' of type [org.apache.shiro.web.session.mgt.DefaultWebSessionManager] is not eligible for getting processed by all BeanPostProcessors (for example: not eligible for auto-proxying)
[2020-02-20 09:42:32.991] [restartedMain] [INFO ] o.s.c.s.PostProcessorRegistrationDelegate$BeanPostProcessorChecker - Bean 'securityManager' of type [org.apache.shiro.web.mgt.DefaultWebSecurityManager] is not eligible for getting processed by all BeanPostProcessors (for example: not eligible for auto-proxying)
[2020-02-20 09:42:32.995] [restartedMain] [INFO ] o.s.c.s.PostProcessorRegistrationDelegate$BeanPostProcessorChecker - Bean 'getMethodInvokingFactoryBean' of type [org.springframework.beans.factory.config.MethodInvokingFactoryBean] is not eligible for getting processed by all BeanPostProcessors (for example: not eligible for auto-proxying)
[2020-02-20 09:42:33.000] [restartedMain] [INFO ] org.apache.shiro.cache.ehcache.EhCacheManager - Using existing EHCache named [shiro-activeSessionCache]
[2020-02-20 09:42:33.003] [restartedMain] [INFO ] o.s.c.s.PostProcessorRegistrationDelegate$BeanPostProcessorChecker - Bean 'kickoutSessionControlFilter' of type [com.centerm.fud_demo.filter.KickoutSessionControllerFilter] is not eligible for getting processed by all BeanPostProcessors (for example: not eligible for auto-proxying)
[2020-02-20 09:42:33.045] [restartedMain] [INFO ] o.s.c.s.PostProcessorRegistrationDelegate$BeanPostProcessorChecker - Bean 'org.springframework.transaction.annotation.ProxyTransactionManagementConfiguration' of type [org.springframework.transaction.annotation.ProxyTransactionManagementConfiguration] is not eligible for getting processed by all BeanPostProcessors (for example: not eligible for auto-proxying)
[2020-02-20 09:42:33.577] [restartedMain] [INFO ] o.s.boot.web.embedded.tomcat.TomcatWebServer - Tomcat initialized with port(s): 8888 (https) 8080 (http)
[2020-02-20 09:42:33.592] [restartedMain] [INFO ] org.apache.coyote.http11.Http11NioProtocol - Initializing ProtocolHandler ["https-jsse-nio-8888"]
[2020-02-20 09:42:33.593] [restartedMain] [INFO ] org.apache.coyote.http11.Http11NioProtocol - Initializing ProtocolHandler ["http-nio-8080"]
[2020-02-20 09:42:33.604] [restartedMain] [INFO ] org.apache.catalina.core.StandardService - Starting service [Tomcat]
[2020-02-20 09:42:33.604] [restartedMain] [INFO ] org.apache.catalina.core.StandardEngine - Starting Servlet engine: [Apache Tomcat/9.0.29]
[2020-02-20 09:42:33.686] [restartedMain] [INFO ] o.a.c.core.ContainerBase.[Tomcat].[localhost].[/] - Initializing Spring embedded WebApplicationContext
[2020-02-20 09:42:33.687] [restartedMain] [INFO ] org.springframework.web.context.ContextLoader - Root WebApplicationContext: initialization completed in 2674 ms
[2020-02-20 09:42:33.704] [restartedMain] [INFO ] com.centerm.fud_demo.config.DruidConfig - druid初始化完成
[2020-02-20 09:42:34.083] [restartedMain] [INFO ] o.s.scheduling.concurrent.ThreadPoolTaskExecutor - Initializing ExecutorService 'applicationTaskExecutor'
[2020-02-20 09:42:34.479] [restartedMain] [INFO ] o.s.b.d.autoconfigure.OptionalLiveReloadServer - LiveReload server is running on port 35729
[2020-02-20 09:42:34.536] [restartedMain] [INFO ] org.apache.coyote.http11.Http11NioProtocol - Starting ProtocolHandler ["https-jsse-nio-8888"]
[2020-02-20 09:42:35.221] [restartedMain] [INFO ] org.apache.coyote.http11.Http11NioProtocol - Starting ProtocolHandler ["http-nio-8080"]
[2020-02-20 09:42:35.234] [restartedMain] [INFO ] o.s.boot.web.embedded.tomcat.TomcatWebServer - Tomcat started on port(s): 8888 (https) 8080 (http) with context path ''
[2020-02-20 09:42:35.239] [restartedMain] [INFO ] com.centerm.fud_demo.FudDemoApplication - Started FudDemoApplication in 5.109 seconds (JVM running for 6.535)
[2020-02-20 09:42:58.604] [SpringContextShutdownHook] [INFO ] o.s.scheduling.concurrent.ThreadPoolTaskExecutor - Shutting down ExecutorService 'applicationTaskExecutor'
[2020-02-20 09:43:40.319] [restartedMain] [INFO ] com.centerm.fud_demo.FudDemoApplication - Starting FudDemoApplication on sheva-laptop with PID 25957 (/home/sheva/IdeaProjects/fuddemo/target/classes started by sheva in /home/sheva/IdeaProjects/fuddemo)
[2020-02-20 09:43:40.331] [restartedMain] [INFO ] com.centerm.fud_demo.FudDemoApplication - No active profile set, falling back to default profiles: default
[2020-02-20 09:43:40.435] [restartedMain] [INFO ] o.s.b.d.env.DevToolsPropertyDefaultsPostProcessor - Devtools property defaults active! Set 'spring.devtools.add-properties' to 'false' to disable
[2020-02-20 09:43:40.436] [restartedMain] [INFO ] o.s.b.d.env.DevToolsPropertyDefaultsPostProcessor - For additional web related logging consider setting the 'logging.level.web' property to 'DEBUG'
[2020-02-20 09:43:41.820] [restartedMain] [INFO ] o.s.c.s.PostProcessorRegistrationDelegate$BeanPostProcessorChecker - Bean 'shiroConfig' of type [com.centerm.fud_demo.shiro.conf.ShiroConfig$$EnhancerBySpringCGLIB$$56bb2ea3] is not eligible for getting processed by all BeanPostProcessors (for example: not eligible for auto-proxying)
[2020-02-20 09:43:41.937] [restartedMain] [INFO ] o.s.c.s.PostProcessorRegistrationDelegate$BeanPostProcessorChecker - Bean 'hashedCredentialsMatcher' of type [org.apache.shiro.authc.credential.HashedCredentialsMatcher] is not eligible for getting processed by all BeanPostProcessors (for example: not eligible for auto-proxying)
[2020-02-20 09:43:41.968] [restartedMain] [INFO ] o.s.c.s.PostProcessorRegistrationDelegate$BeanPostProcessorChecker - Bean 'dataSourceConfig' of type [com.centerm.fud_demo.config.DataSourceConfig$$EnhancerBySpringCGLIB$$33cfe9d4] is not eligible for getting processed by all BeanPostProcessors (for example: not eligible for auto-proxying)
[2020-02-20 09:43:42.011] [restartedMain] [INFO ] o.s.c.s.PostProcessorRegistrationDelegate$BeanPostProcessorChecker - Bean 'dataSource' of type [com.alibaba.druid.pool.DruidDataSource] is not eligible for getting processed by all BeanPostProcessors (for example: not eligible for auto-proxying)
[2020-02-20 09:43:42.252] [restartedMain] [INFO ] o.s.c.s.PostProcessorRegistrationDelegate$BeanPostProcessorChecker - Bean 'sqlSessionFactory' of type [org.apache.ibatis.session.defaults.DefaultSqlSessionFactory] is not eligible for getting processed by all BeanPostProcessors (for example: not eligible for auto-proxying)
[2020-02-20 09:43:42.257] [restartedMain] [INFO ] o.s.c.s.PostProcessorRegistrationDelegate$BeanPostProcessorChecker - Bean 'userDao' of type [org.mybatis.spring.mapper.MapperFactoryBean] is not eligible for getting processed by all BeanPostProcessors (for example: not eligible for auto-proxying)
[2020-02-20 09:43:42.259] [restartedMain] [INFO ] o.s.c.s.PostProcessorRegistrationDelegate$BeanPostProcessorChecker - Bean 'userDao' of type [com.sun.proxy.$Proxy65] is not eligible for getting processed by all BeanPostProcessors (for example: not eligible for auto-proxying)
[2020-02-20 09:43:42.260] [restartedMain] [INFO ] o.s.c.s.PostProcessorRegistrationDelegate$BeanPostProcessorChecker - Bean 'userServiceImpl' of type [com.centerm.fud_demo.service.Impl.UserServiceImpl] is not eligible for getting processed by all BeanPostProcessors (for example: not eligible for auto-proxying)
[2020-02-20 09:43:42.261] [restartedMain] [INFO ] o.s.c.s.PostProcessorRegistrationDelegate$BeanPostProcessorChecker - Bean 'shiroRealm' of type [com.centerm.fud_demo.shiro.UserRealm] is not eligible for getting processed by all BeanPostProcessors (for example: not eligible for auto-proxying)
[2020-02-20 09:43:42.419] [restartedMain] [INFO ] o.s.c.s.PostProcessorRegistrationDelegate$BeanPostProcessorChecker - Bean 'ehCacheManager' of type [org.apache.shiro.cache.ehcache.EhCacheManager] is not eligible for getting processed by all BeanPostProcessors (for example: not eligible for auto-proxying)
[2020-02-20 09:43:42.420] [restartedMain] [INFO ] org.apache.shiro.cache.ehcache.EhCacheManager - Using existing EHCache named [authenticationCache]
[2020-02-20 09:43:42.421] [restartedMain] [INFO ] org.apache.shiro.cache.ehcache.EhCacheManager - Using existing EHCache named [authorizationCache]
[2020-02-20 09:43:42.425] [restartedMain] [INFO ] o.s.c.s.PostProcessorRegistrationDelegate$BeanPostProcessorChecker - Bean 'sessionListener' of type [com.centerm.fud_demo.listener.Listener] is not eligible for getting processed by all BeanPostProcessors (for example: not eligible for auto-proxying)
[2020-02-20 09:43:42.430] [restartedMain] [INFO ] o.s.c.s.PostProcessorRegistrationDelegate$BeanPostProcessorChecker - Bean 'sessionIdCookie' of type [org.apache.shiro.web.servlet.SimpleCookie] is not eligible for getting processed by all BeanPostProcessors (for example: not eligible for auto-proxying)
[2020-02-20 09:43:42.433] [restartedMain] [INFO ] o.s.c.s.PostProcessorRegistrationDelegate$BeanPostProcessorChecker - Bean 'sessionIdGenerator' of type [org.apache.shiro.session.mgt.eis.JavaUuidSessionIdGenerator] is not eligible for getting processed by all BeanPostProcessors (for example: not eligible for auto-proxying)
[2020-02-20 09:43:42.436] [restartedMain] [INFO ] o.s.c.s.PostProcessorRegistrationDelegate$BeanPostProcessorChecker - Bean 'sessionDAO' of type [org.apache.shiro.session.mgt.eis.EnterpriseCacheSessionDAO] is not eligible for getting processed by all BeanPostProcessors (for example: not eligible for auto-proxying)
[2020-02-20 09:43:42.440] [restartedMain] [INFO ] o.s.c.s.PostProcessorRegistrationDelegate$BeanPostProcessorChecker - Bean 'sessionManager' of type [org.apache.shiro.web.session.mgt.DefaultWebSessionManager] is not eligible for getting processed by all BeanPostProcessors (for example: not eligible for auto-proxying)
[2020-02-20 09:43:42.443] [restartedMain] [INFO ] o.s.c.s.PostProcessorRegistrationDelegate$BeanPostProcessorChecker - Bean 'securityManager' of type [org.apache.shiro.web.mgt.DefaultWebSecurityManager] is not eligible for getting processed by all BeanPostProcessors (for example: not eligible for auto-proxying)
[2020-02-20 09:43:42.446] [restartedMain] [INFO ] o.s.c.s.PostProcessorRegistrationDelegate$BeanPostProcessorChecker - Bean 'getMethodInvokingFactoryBean' of type [org.springframework.beans.factory.config.MethodInvokingFactoryBean] is not eligible for getting processed by all BeanPostProcessors (for example: not eligible for auto-proxying)
[2020-02-20 09:43:42.450] [restartedMain] [INFO ] org.apache.shiro.cache.ehcache.EhCacheManager - Using existing EHCache named [shiro-activeSessionCache]
[2020-02-20 09:43:42.452] [restartedMain] [INFO ] o.s.c.s.PostProcessorRegistrationDelegate$BeanPostProcessorChecker - Bean 'kickoutSessionControlFilter' of type [com.centerm.fud_demo.filter.KickoutSessionControllerFilter] is not eligible for getting processed by all BeanPostProcessors (for example: not eligible for auto-proxying)
[2020-02-20 09:43:42.503] [restartedMain] [INFO ] o.s.c.s.PostProcessorRegistrationDelegate$BeanPostProcessorChecker - Bean 'org.springframework.transaction.annotation.ProxyTransactionManagementConfiguration' of type [org.springframework.transaction.annotation.ProxyTransactionManagementConfiguration] is not eligible for getting processed by all BeanPostProcessors (for example: not eligible for auto-proxying)
[2020-02-20 09:43:43.045] [restartedMain] [INFO ] o.s.boot.web.embedded.tomcat.TomcatWebServer - Tomcat initialized with port(s): 8888 (https) 8080 (http)
[2020-02-20 09:43:43.062] [restartedMain] [INFO ] org.apache.coyote.http11.Http11NioProtocol - Initializing ProtocolHandler ["https-jsse-nio-8888"]
[2020-02-20 09:43:43.063] [restartedMain] [INFO ] org.apache.coyote.http11.Http11NioProtocol - Initializing ProtocolHandler ["http-nio-8080"]
[2020-02-20 09:43:43.072] [restartedMain] [INFO ] org.apache.catalina.core.StandardService - Starting service [Tomcat]
[2020-02-20 09:43:43.072] [restartedMain] [INFO ] org.apache.catalina.core.StandardEngine - Starting Servlet engine: [Apache Tomcat/9.0.29]
[2020-02-20 09:43:43.155] [restartedMain] [INFO ] o.a.c.core.ContainerBase.[Tomcat].[localhost].[/] - Initializing Spring embedded WebApplicationContext
[2020-02-20 09:43:43.156] [restartedMain] [INFO ] org.springframework.web.context.ContextLoader - Root WebApplicationContext: initialization completed in 2720 ms
[2020-02-20 09:43:43.173] [restartedMain] [INFO ] com.centerm.fud_demo.config.DruidConfig - druid初始化完成
[2020-02-20 09:43:43.537] [restartedMain] [INFO ] o.s.scheduling.concurrent.ThreadPoolTaskExecutor - Initializing ExecutorService 'applicationTaskExecutor'
[2020-02-20 09:43:43.945] [restartedMain] [INFO ] o.s.b.d.autoconfigure.OptionalLiveReloadServer - LiveReload server is running on port 35729
[2020-02-20 09:43:43.999] [restartedMain] [INFO ] org.apache.coyote.http11.Http11NioProtocol - Starting ProtocolHandler ["https-jsse-nio-8888"]
[2020-02-20 09:43:44.681] [restartedMain] [INFO ] org.apache.coyote.http11.Http11NioProtocol - Starting ProtocolHandler ["http-nio-8080"]
[2020-02-20 09:43:44.692] [restartedMain] [INFO ] o.s.boot.web.embedded.tomcat.TomcatWebServer - Tomcat started on port(s): 8888 (https) 8080 (http) with context path ''
[2020-02-20 09:43:44.697] [restartedMain] [INFO ] com.centerm.fud_demo.FudDemoApplication - Started FudDemoApplication in 5.15 seconds (JVM running for 6.535)
[2020-02-20 09:43:48.379] [https-jsse-nio-8888-exec-9] [INFO ] o.a.c.core.ContainerBase.[Tomcat].[localhost].[/] - Initializing Spring DispatcherServlet 'dispatcherServlet'
[2020-02-20 09:43:48.380] [https-jsse-nio-8888-exec-9] [INFO ] org.springframework.web.servlet.DispatcherServlet - Initializing Servlet 'dispatcherServlet'
[2020-02-20 09:43:48.393] [https-jsse-nio-8888-exec-9] [INFO ] org.springframework.web.servlet.DispatcherServlet - Completed initialization in 13 ms
[2020-02-20 09:43:48.410] [https-jsse-nio-8888-exec-9] [INFO ] o.a.s.session.mgt.AbstractValidatingSessionManager - Enabling session validation scheduler...
[2020-02-20 09:43:48.412] [https-jsse-nio-8888-exec-9] [INFO ] org.apache.shiro.cache.ehcache.EhCacheManager - Using existing EHCache named [shiro-activeSessionCache]
[2020-02-20 09:43:53.174] [https-jsse-nio-8888-exec-6] [INFO ] com.alibaba.druid.pool.DruidDataSource - {dataSource-1} inited
[2020-02-20 09:43:53.247] [https-jsse-nio-8888-exec-6] [INFO ] com.centerm.fud_demo.controller.UserController - User: admin login successfully...
[2020-02-20 09:43:53.888] [https-jsse-nio-8888-exec-2] [INFO ] com.centerm.fud_demo.shiro.UserRealm - Current User is：　admin
[2020-02-20 09:43:53.895] [https-jsse-nio-8888-exec-2] [INFO ] com.centerm.fud_demo.shiro.UserRealm - Current permission is： USER
[2020-02-20 09:44:05.397] [https-jsse-nio-8888-exec-5] [INFO ] c.centerm.fud_demo.service.Impl.UploadServiceImpl - Uploading....
[2020-02-20 09:44:05.470] [https-jsse-nio-8888-exec-1] [INFO ] c.centerm.fud_demo.service.Impl.UploadServiceImpl - Uploading....
[2020-02-20 09:44:05.512] [https-jsse-nio-8888-exec-7] [INFO ] c.centerm.fud_demo.service.Impl.UploadServiceImpl - Uploading....
[2020-02-20 09:44:06.502] [https-jsse-nio-8888-exec-8] [INFO ] c.centerm.fud_demo.service.Impl.UploadServiceImpl - Uploading....
[2020-02-20 09:44:06.594] [https-jsse-nio-8888-exec-2] [INFO ] c.centerm.fud_demo.service.Impl.UploadServiceImpl - Uploading....
[2020-02-20 09:44:06.697] [https-jsse-nio-8888-exec-6] [INFO ] c.centerm.fud_demo.service.Impl.UploadServiceImpl - Uploading....
[2020-02-20 09:44:07.648] [https-jsse-nio-8888-exec-5] [INFO ] c.centerm.fud_demo.service.Impl.UploadServiceImpl - Uploading....
[2020-02-20 09:44:07.777] [https-jsse-nio-8888-exec-1] [INFO ] c.centerm.fud_demo.service.Impl.UploadServiceImpl - Uploading....
[2020-02-20 09:44:07.786] [https-jsse-nio-8888-exec-7] [INFO ] c.centerm.fud_demo.service.Impl.UploadServiceImpl - Uploading....
[2020-02-20 09:44:08.380] [https-jsse-nio-8888-exec-8] [INFO ] c.centerm.fud_demo.service.Impl.UploadServiceImpl - Uploading....
[2020-02-20 09:44:08.769] [https-jsse-nio-8888-exec-9] [INFO ] c.centerm.fud_demo.service.Impl.UploadServiceImpl - Uploading....
[2020-02-20 09:44:09.052] [https-jsse-nio-8888-exec-6] [INFO ] c.centerm.fud_demo.service.Impl.UploadServiceImpl - Uploading....
[2020-02-20 09:44:09.534] [https-jsse-nio-8888-exec-1] [INFO ] c.centerm.fud_demo.service.Impl.UploadServiceImpl - Uploading....
[2020-02-20 09:44:09.981] [https-jsse-nio-8888-exec-3] [INFO ] c.centerm.fud_demo.service.Impl.UploadServiceImpl - Uploading....
[2020-02-20 09:44:10.169] [https-jsse-nio-8888-exec-5] [INFO ] c.centerm.fud_demo.service.Impl.UploadServiceImpl - Uploading....
[2020-02-20 09:44:10.437] [https-jsse-nio-8888-exec-8] [INFO ] c.centerm.fud_demo.service.Impl.UploadServiceImpl - Uploading....
[2020-02-20 09:44:10.889] [https-jsse-nio-8888-exec-9] [INFO ] c.centerm.fud_demo.service.Impl.UploadServiceImpl - Uploading....
[2020-02-20 09:44:11.147] [https-jsse-nio-8888-exec-6] [INFO ] c.centerm.fud_demo.service.Impl.UploadServiceImpl - Uploading....
[2020-02-20 09:44:11.543] [https-jsse-nio-8888-exec-1] [INFO ] c.centerm.fud_demo.service.Impl.UploadServiceImpl - Uploading....
[2020-02-20 09:44:11.845] [https-jsse-nio-8888-exec-3] [INFO ] c.centerm.fud_demo.service.Impl.UploadServiceImpl - Uploading....
[2020-02-20 09:44:12.208] [https-jsse-nio-8888-exec-5] [INFO ] c.centerm.fud_demo.service.Impl.UploadServiceImpl - Uploading....
[2020-02-20 09:44:12.528] [https-jsse-nio-8888-exec-8] [INFO ] c.centerm.fud_demo.service.Impl.UploadServiceImpl - Uploading....
[2020-02-20 09:44:12.850] [https-jsse-nio-8888-exec-9] [INFO ] c.centerm.fud_demo.service.Impl.UploadServiceImpl - Uploading....
[2020-02-20 09:44:13.217] [https-jsse-nio-8888-exec-6] [INFO ] c.centerm.fud_demo.service.Impl.UploadServiceImpl - Uploading....
[2020-02-20 09:44:13.553] [https-jsse-nio-8888-exec-1] [INFO ] c.centerm.fud_demo.service.Impl.UploadServiceImpl - Uploading....
[2020-02-20 09:44:13.930] [https-jsse-nio-8888-exec-3] [INFO ] c.centerm.fud_demo.service.Impl.UploadServiceImpl - Uploading....
[2020-02-20 09:44:14.305] [https-jsse-nio-8888-exec-5] [INFO ] c.centerm.fud_demo.service.Impl.UploadServiceImpl - Uploading....
[2020-02-20 09:44:14.613] [https-jsse-nio-8888-exec-8] [INFO ] c.centerm.fud_demo.service.Impl.UploadServiceImpl - Uploading....
[2020-02-20 09:44:14.905] [https-jsse-nio-8888-exec-9] [INFO ] c.centerm.fud_demo.service.Impl.UploadServiceImpl - Uploading....
[2020-02-20 09:44:15.314] [https-jsse-nio-8888-exec-6] [INFO ] c.centerm.fud_demo.service.Impl.UploadServiceImpl - Uploading....
[2020-02-20 09:44:15.615] [https-jsse-nio-8888-exec-1] [INFO ] c.centerm.fud_demo.service.Impl.UploadServiceImpl - Uploading....
[2020-02-20 09:44:15.954] [https-jsse-nio-8888-exec-3] [INFO ] c.centerm.fud_demo.service.Impl.UploadServiceImpl - Uploading....
[2020-02-20 09:44:16.327] [https-jsse-nio-8888-exec-5] [INFO ] c.centerm.fud_demo.service.Impl.UploadServiceImpl - Uploading....
[2020-02-20 09:44:16.647] [https-jsse-nio-8888-exec-8] [INFO ] c.centerm.fud_demo.service.Impl.UploadServiceImpl - Uploading....
[2020-02-20 09:44:17.000] [https-jsse-nio-8888-exec-9] [INFO ] c.centerm.fud_demo.service.Impl.UploadServiceImpl - Uploading....
[2020-02-20 09:44:17.332] [https-jsse-nio-8888-exec-6] [INFO ] c.centerm.fud_demo.service.Impl.UploadServiceImpl - Uploading....
[2020-02-20 09:44:17.454] [https-jsse-nio-8888-exec-5] [INFO ] c.centerm.fud_demo.service.Impl.UploadServiceImpl - Uploading....
[2020-02-20 09:44:17.625] [https-jsse-nio-8888-exec-1] [INFO ] c.centerm.fud_demo.service.Impl.UploadServiceImpl - Uploading....
[2020-02-20 09:44:17.900] [https-jsse-nio-8888-exec-3] [INFO ] c.centerm.fud_demo.service.Impl.UploadServiceImpl - Uploading....
[2020-02-20 09:44:17.950] [https-jsse-nio-8888-exec-2] [INFO ] c.centerm.fud_demo.service.Impl.UploadServiceImpl - Combining....
[2020-02-20 09:44:17.953] [https-jsse-nio-8888-exec-2] [INFO ] c.centerm.fud_demo.service.Impl.UploadServiceImpl - File didn't exist in database...
[2020-02-20 09:44:17.954] [https-jsse-nio-8888-exec-2] [INFO ] c.centerm.fud_demo.service.Impl.UploadServiceImpl - Combine block start...
[2020-02-20 09:44:17.954] [https-jsse-nio-8888-exec-2] [INFO ] c.centerm.fud_demo.service.Impl.UploadServiceImpl - File name is 08 可以听到心跳.mp4, MD5: 69be5d35cc573ba1ae68507da1a91ab7
[2020-02-20 09:44:19.019] [https-jsse-nio-8888-exec-2] [INFO ] c.centerm.fud_demo.service.Impl.UploadServiceImpl - Combine finished...
[2020-02-20 09:44:19.020] [https-jsse-nio-8888-exec-2] [INFO ] c.centerm.fud_demo.service.Impl.UploadServiceImpl - File name is 08 可以听到心跳.mp4, MD5: 69be5d35cc573ba1ae68507da1a91ab7
[2020-02-20 09:44:20.203] [Thread-16] [INFO ] com.centerm.fud_demo.listener.FileListener - File exists in database...
[2020-02-20 09:44:20.203] [Thread-16] [INFO ] c.centerm.fud_demo.service.Impl.BackupServiceImpl - backup start...
[2020-02-20 09:44:20.800] [Thread-16] [INFO ] c.centerm.fud_demo.service.Impl.BackupServiceImpl - Backup Finished...
[2020-02-20 09:44:20.801] [Thread-16] [INFO ] c.centerm.fud_demo.service.Impl.BackupServiceImpl - Backup lasts: 598ms
[2020-02-20 09:44:27.481] [Thread-16] [INFO ] com.centerm.fud_demo.utils.FileUtil - Start deleting directory....
[2020-02-20 09:44:27.481] [Thread-16] [INFO ] com.centerm.fud_demo.utils.FileUtil - Directory didn't exists...
[2020-02-20 09:44:27.481] [Thread-16] [INFO ] c.centerm.fud_demo.service.Impl.BackupServiceImpl - backup start...
[2020-02-20 09:44:27.481] [Thread-16] [INFO ] c.centerm.fud_demo.service.Impl.BackupServiceImpl - File is already backup...
[2020-02-20 09:44:27.481] [Thread-16] [INFO ] com.centerm.fud_demo.listener.FileListener - (onFileChange)file update successfully...
[2020-02-20 09:44:27.481] [Thread-16] [INFO ] com.centerm.fud_demo.listener.FileListener - File changed: 08 可以听到心跳.169be5d35cc573ba1ae68507da1a91ab7.mp4
[2020-02-20 09:46:05.133] [SpringContextShutdownHook] [INFO ] o.s.scheduling.concurrent.ThreadPoolTaskExecutor - Shutting down ExecutorService 'applicationTaskExecutor'
[2020-02-20 09:46:05.135] [SpringContextShutdownHook] [INFO ] o.a.s.session.mgt.AbstractValidatingSessionManager - Disabled session validation scheduler.
[2020-02-20 09:46:05.145] [SpringContextShutdownHook] [INFO ] com.alibaba.druid.pool.DruidDataSource - {dataSource-1} closed
